<?xml version="1.0" encoding="UTF-8"?>
<testng-results ignored="0" total="1" passed="1" failed="0" skipped="0">
  <reporter-output>
  </reporter-output>
  <suite started-at="2024-09-18T12:49:06 CDT" name="Smoke" finished-at="2024-09-18T12:49:16 CDT" duration-ms="9794">
    <groups>
    </groups>
    <test started-at="2024-09-18T12:49:06 CDT" name="Login" finished-at="2024-09-18T12:49:16 CDT" duration-ms="9794">
      <class name="com.testng.tests.LoginTest">
        <test-method is-config="true" signature="beforemethod()[pri:0, instance:com.testng.tests.LoginTest@59505b48]" started-at="2024-09-18T12:49:06 CDT" name="beforemethod" finished-at="2024-09-18T12:49:14 CDT" duration-ms="7716" status="PASS">
          <reporter-output>
          </reporter-output>
        </test-method> <!-- beforemethod -->
        <test-method signature="login()[pri:0, instance:com.testng.tests.LoginTest@59505b48]" started-at="2024-09-18T12:49:14 CDT" name="login" finished-at="2024-09-18T12:49:15 CDT" duration-ms="1329" status="PASS">
          <reporter-output>
          </reporter-output>
        </test-method> <!-- login -->
        <test-method is-config="true" signature="teardown()[pri:0, instance:com.testng.tests.LoginTest@59505b48]" started-at="2024-09-18T12:49:15 CDT" name="teardown" finished-at="2024-09-18T12:49:16 CDT" duration-ms="670" status="PASS">
          <reporter-output>
          </reporter-output>
        </test-method> <!-- teardown -->
      </class> <!-- com.testng.tests.LoginTest -->
    </test> <!-- Login -->
  </suite> <!-- Smoke -->
</testng-results>
