<?xml version="1.0" encoding="UTF-8"?>
<testng-results ignored="0" total="1" passed="1" failed="0" skipped="0">
  <reporter-output>
  </reporter-output>
  <suite started-at="2024-06-05T11:35:20 CDT" name="Default suite" finished-at="2024-06-05T11:35:25 CDT" duration-ms="4784">
    <groups>
    </groups>
    <test started-at="2024-06-05T11:35:20 CDT" name="Default test" finished-at="2024-06-05T11:35:25 CDT" duration-ms="4784">
      <class name="AssertsSamples.AssertsMethods">
        <test-method signature="sampleMethods()[pri:0, instance:AssertsSamples.AssertsMethods@26e356f0]" started-at="2024-06-05T11:35:20 CDT" name="sampleMethods" finished-at="2024-06-05T11:35:25 CDT" duration-ms="4742" status="PASS">
          <reporter-output>
          </reporter-output>
        </test-method> <!-- sampleMethods -->
      </class> <!-- AssertsSamples.AssertsMethods -->
    </test> <!-- Default test -->
  </suite> <!-- Default suite -->
</testng-results>
